0 info it worked if it ends with ok
1 verbose cli [ '/home/lloyd/.nvm/versions/io.js/v1.7.1/bin/iojs',
1 verbose cli   '/home/lloyd/.nvm/versions/io.js/v1.7.1/bin/npm',
1 verbose cli   'start' ]
2 info using npm@2.7.6
3 info using node@v1.7.1
4 verbose stack Error: missing script: start
4 verbose stack     at run (/home/lloyd/.nvm/versions/io.js/v1.7.1/lib/node_modules/npm/lib/run-script.js:165:19)
4 verbose stack     at /home/lloyd/.nvm/versions/io.js/v1.7.1/lib/node_modules/npm/lib/run-script.js:81:5
4 verbose stack     at /home/lloyd/.nvm/versions/io.js/v1.7.1/lib/node_modules/npm/node_modules/read-package-json/read-json.js:345:5
4 verbose stack     at checkBinReferences_ (/home/lloyd/.nvm/versions/io.js/v1.7.1/lib/node_modules/npm/node_modules/read-package-json/read-json.js:309:45)
4 verbose stack     at final (/home/lloyd/.nvm/versions/io.js/v1.7.1/lib/node_modules/npm/node_modules/read-package-json/read-json.js:343:3)
4 verbose stack     at then (/home/lloyd/.nvm/versions/io.js/v1.7.1/lib/node_modules/npm/node_modules/read-package-json/read-json.js:113:5)
4 verbose stack     at /home/lloyd/.nvm/versions/io.js/v1.7.1/lib/node_modules/npm/node_modules/read-package-json/read-json.js:300:12
4 verbose stack     at FSReqWrap.readFileAfterClose [as oncomplete] (evalmachine.<anonymous>:380:3)
5 verbose cwd /home/lloyd/scm/fishin/mock/lib/fixtures/server/tacklebox/api/prs/active
6 error Linux 3.19.5-200.fc21.x86_64
7 error argv "/home/lloyd/.nvm/versions/io.js/v1.7.1/bin/iojs" "/home/lloyd/.nvm/versions/io.js/v1.7.1/bin/npm" "start"
8 error node v1.7.1
9 error npm  v2.7.6
10 error missing script: start
11 error If you need help, you may report this error at:
11 error     <https://github.com/npm/npm/issues>
12 verbose exit [ 1, true ]
